<?xml version="1.0" encoding="UTF-8"?>
<robot generator="Robot 3.1.2 (Python 3.7.4 on darwin)" generated="20211212 15:26:12.779" rpa="false">
<suite id="s1" name="Test" source="/Users/thejdeep.p/Downloads/Assignment/Test.robot">
<test id="s1-t1" name="Verify Survey monkey page Test">
<kw name="Setup Browser" library="Settings" type="setup">
<arguments>
<arg>${platform}</arg>
<arg>${env}</arg>
</arguments>
<kw name="Run Keyword If" library="BuiltIn">
<doc>Runs the given keyword with the given arguments, if ``condition`` is true.</doc>
<arguments>
<arg>'${platform}'=='mac'</arg>
<arg>Setup Mac</arg>
</arguments>
<kw name="Setup Mac" library="Settings">
<kw name="Run Keyword If" library="BuiltIn">
<doc>Runs the given keyword with the given arguments, if ``condition`` is true.</doc>
<arguments>
<arg>'${remote_url}'=='None'</arg>
<arg>Launch Chrome</arg>
<arg>ELSE</arg>
<arg>Sleep</arg>
<arg>3</arg>
</arguments>
<kw name="Launch Chrome" library="Settings">
<kw name="Evaluate" library="BuiltIn">
<doc>Evaluates the given expression in Python and returns the results.</doc>
<arguments>
<arg>sys.modules['selenium.webdriver'].ChromeOptions()</arg>
<arg>sys, selenium.webdriver</arg>
</arguments>
<assign>
<var>${options}</var>
</assign>
<msg timestamp="20211212 15:26:12.961" level="INFO">${options} = &lt;selenium.webdriver.chrome.options.Options object at 0x10881ec10&gt;</msg>
<status status="PASS" starttime="20211212 15:26:12.960" endtime="20211212 15:26:12.961"></status>
</kw>
<kw name="Create Dictionary" library="BuiltIn">
<doc>Creates and returns a dictionary based on the given ``items``.</doc>
<arguments>
<arg>credentials_enable_service=${false}</arg>
<arg>default_content_settings=2</arg>
<arg>managed_default_content_settings=2</arg>
</arguments>
<assign>
<var>${prefs}</var>
</assign>
<msg timestamp="20211212 15:26:12.961" level="INFO">${prefs} = {'credentials_enable_service': False, 'default_content_settings': '2', 'managed_default_content_settings': '2'}</msg>
<status status="PASS" starttime="20211212 15:26:12.961" endtime="20211212 15:26:12.961"></status>
</kw>
<kw name="Call Method" library="BuiltIn">
<doc>Calls the named method of the given object with the provided arguments.</doc>
<arguments>
<arg>${options}</arg>
<arg>add_experimental_option</arg>
<arg>prefs</arg>
<arg>${prefs}</arg>
</arguments>
<status status="PASS" starttime="20211212 15:26:12.961" endtime="20211212 15:26:12.962"></status>
</kw>
<kw name="Call Method" library="BuiltIn">
<doc>Calls the named method of the given object with the provided arguments.</doc>
<arguments>
<arg>${options}</arg>
<arg>add_argument</arg>
<arg>disable-infobars</arg>
</arguments>
<status status="PASS" starttime="20211212 15:26:12.962" endtime="20211212 15:26:12.962"></status>
</kw>
<kw name="Create Webdriver" library="SeleniumLibrary">
<doc>Creates an instance of Selenium WebDriver.</doc>
<arguments>
<arg>Chrome</arg>
<arg>chrome_options=${options}</arg>
</arguments>
<msg timestamp="20211212 15:26:12.962" level="INFO">Creating an instance of the Chrome WebDriver.</msg>
<status status="PASS" starttime="20211212 15:26:12.962" endtime="20211212 15:26:15.464"></status>
</kw>
<status status="PASS" starttime="20211212 15:26:12.959" endtime="20211212 15:26:15.465"></status>
</kw>
<status status="PASS" starttime="20211212 15:26:12.959" endtime="20211212 15:26:15.467"></status>
</kw>
<kw name="Run Keyword If" library="BuiltIn">
<doc>Runs the given keyword with the given arguments, if ``condition`` is true.</doc>
<arguments>
<arg>'${remote_url}'=='None'</arg>
<arg>Maximize Browser Window</arg>
<arg>ELSE</arg>
<arg>Set Window Size</arg>
<arg>1400</arg>
<arg>900</arg>
</arguments>
<kw name="Maximize Browser Window" library="SeleniumLibrary">
<doc>Maximizes current browser window.</doc>
<status status="PASS" starttime="20211212 15:26:15.469" endtime="20211212 15:26:15.589"></status>
</kw>
<status status="PASS" starttime="20211212 15:26:15.468" endtime="20211212 15:26:15.590"></status>
</kw>
<status status="PASS" starttime="20211212 15:26:12.959" endtime="20211212 15:26:15.590"></status>
</kw>
<status status="PASS" starttime="20211212 15:26:12.958" endtime="20211212 15:26:15.590"></status>
</kw>
<kw name="Set Global Variable" library="BuiltIn">
<doc>Makes a variable available globally in all tests and suites.</doc>
<arguments>
<arg>${env}</arg>
</arguments>
<msg timestamp="20211212 15:26:15.592" level="INFO">${env} = iot</msg>
<status status="PASS" starttime="20211212 15:26:15.591" endtime="20211212 15:26:15.592"></status>
</kw>
<status status="PASS" starttime="20211212 15:26:12.958" endtime="20211212 15:26:15.592"></status>
</kw>
<kw name="Given launch surveymoney home page" library="Settings">
<arguments>
<arg>${URL}</arg>
</arguments>
<kw name="Go To" library="SeleniumLibrary">
<doc>Navigates the current browser window to the provided ``url``.</doc>
<arguments>
<arg>${url}</arg>
</arguments>
<msg timestamp="20211212 15:26:15.596" level="INFO">Opening url 'https://www.surveymonkey.com/r/9MVSPYS'</msg>
<status status="PASS" starttime="20211212 15:26:15.594" endtime="20211212 15:26:16.866"></status>
</kw>
<status status="PASS" starttime="20211212 15:26:15.593" endtime="20211212 15:26:16.867"></status>
</kw>
<kw name="Then verify page is loaded" library="Settings">
<kw name="Run Keyword And Continue On Failure" library="BuiltIn">
<doc>Runs the keyword and continues execution even if a failure occurs.</doc>
<arguments>
<arg>Wait Until Element Is Visible</arg>
<arg>${good_radio_button}</arg>
<arg>timeout=12</arg>
</arguments>
<kw name="Wait Until Element Is Visible" library="SeleniumLibrary">
<doc>Waits until the element ``locator`` is visible.</doc>
<arguments>
<arg>${good_radio_button}</arg>
<arg>timeout=12</arg>
</arguments>
<status status="PASS" starttime="20211212 15:26:16.869" endtime="20211212 15:26:16.904"></status>
</kw>
<status status="PASS" starttime="20211212 15:26:16.868" endtime="20211212 15:26:16.904"></status>
</kw>
<kw name="Sleep" library="BuiltIn">
<doc>Pauses the test executed for the given time.</doc>
<arguments>
<arg>3</arg>
</arguments>
<msg timestamp="20211212 15:26:19.905" level="INFO">Slept 3 seconds</msg>
<status status="PASS" starttime="20211212 15:26:16.904" endtime="20211212 15:26:19.905"></status>
</kw>
<status status="PASS" starttime="20211212 15:26:16.868" endtime="20211212 15:26:19.905"></status>
</kw>
<kw name="when select Good radio button option" library="Settings">
<kw name="Run Keyword And Continue On Failure" library="BuiltIn">
<doc>Runs the keyword and continues execution even if a failure occurs.</doc>
<arguments>
<arg>Wait Until Element Is Visible</arg>
<arg>${good_radio_button}</arg>
<arg>timeout=12</arg>
</arguments>
<kw name="Wait Until Element Is Visible" library="SeleniumLibrary">
<doc>Waits until the element ``locator`` is visible.</doc>
<arguments>
<arg>${good_radio_button}</arg>
<arg>timeout=12</arg>
</arguments>
<status status="PASS" starttime="20211212 15:26:19.907" endtime="20211212 15:26:19.927"></status>
</kw>
<status status="PASS" starttime="20211212 15:26:19.907" endtime="20211212 15:26:19.927"></status>
</kw>
<kw name="Run Keyword And Continue On Failure" library="BuiltIn">
<doc>Runs the keyword and continues execution even if a failure occurs.</doc>
<arguments>
<arg>Wait Until Keyword Succeeds</arg>
<arg>5x</arg>
<arg>500ms</arg>
<arg>Click Element</arg>
<arg>${good_radio_button}</arg>
</arguments>
<kw name="Wait Until Keyword Succeeds" library="BuiltIn">
<doc>Runs the specified keyword and retries if it fails.</doc>
<arguments>
<arg>5x</arg>
<arg>500ms</arg>
<arg>Click Element</arg>
<arg>${good_radio_button}</arg>
</arguments>
<kw name="Click Element" library="SeleniumLibrary">
<doc>Click the element identified by ``locator``.</doc>
<arguments>
<arg>${good_radio_button}</arg>
</arguments>
<msg timestamp="20211212 15:26:19.928" level="INFO">Clicking element '//span[contains(text(),"Good")]'.</msg>
<status status="PASS" starttime="20211212 15:26:19.928" endtime="20211212 15:26:19.977"></status>
</kw>
<status status="PASS" starttime="20211212 15:26:19.927" endtime="20211212 15:26:19.977"></status>
</kw>
<status status="PASS" starttime="20211212 15:26:19.927" endtime="20211212 15:26:19.977"></status>
</kw>
<status status="PASS" starttime="20211212 15:26:19.906" endtime="20211212 15:26:19.978"></status>
</kw>
<kw name="When click next button" library="Settings">
<kw name="Run Keyword And Continue On Failure" library="BuiltIn">
<doc>Runs the keyword and continues execution even if a failure occurs.</doc>
<arguments>
<arg>Wait Until Element Is Visible</arg>
<arg>${next_button}</arg>
<arg>timeout=12</arg>
</arguments>
<kw name="Wait Until Element Is Visible" library="SeleniumLibrary">
<doc>Waits until the element ``locator`` is visible.</doc>
<arguments>
<arg>${next_button}</arg>
<arg>timeout=12</arg>
</arguments>
<status status="PASS" starttime="20211212 15:26:19.980" endtime="20211212 15:26:20.005"></status>
</kw>
<status status="PASS" starttime="20211212 15:26:19.979" endtime="20211212 15:26:20.005"></status>
</kw>
<kw name="Run Keyword And Continue On Failure" library="BuiltIn">
<doc>Runs the keyword and continues execution even if a failure occurs.</doc>
<arguments>
<arg>Wait Until Keyword Succeeds</arg>
<arg>5x</arg>
<arg>500ms</arg>
<arg>Click Element</arg>
<arg>${next_button}</arg>
</arguments>
<kw name="Wait Until Keyword Succeeds" library="BuiltIn">
<doc>Runs the specified keyword and retries if it fails.</doc>
<arguments>
<arg>5x</arg>
<arg>500ms</arg>
<arg>Click Element</arg>
<arg>${next_button}</arg>
</arguments>
<kw name="Click Element" library="SeleniumLibrary">
<doc>Click the element identified by ``locator``.</doc>
<arguments>
<arg>${next_button}</arg>
</arguments>
<msg timestamp="20211212 15:26:20.006" level="INFO">Clicking element '//button[@type="submit"]'.</msg>
<status status="PASS" starttime="20211212 15:26:20.006" endtime="20211212 15:26:20.624"></status>
</kw>
<status status="PASS" starttime="20211212 15:26:20.005" endtime="20211212 15:26:20.624"></status>
</kw>
<status status="PASS" starttime="20211212 15:26:20.005" endtime="20211212 15:26:20.624"></status>
</kw>
<kw name="Sleep" library="BuiltIn">
<doc>Pauses the test executed for the given time.</doc>
<arguments>
<arg>2</arg>
</arguments>
<msg timestamp="20211212 15:26:22.625" level="INFO">Slept 2 seconds</msg>
<status status="PASS" starttime="20211212 15:26:20.624" endtime="20211212 15:26:22.626"></status>
</kw>
<status status="PASS" starttime="20211212 15:26:19.978" endtime="20211212 15:26:22.626"></status>
</kw>
<kw name="Then verify text exists have a nice day" library="Settings">
<kw name="Run Keyword And Continue On Failure" library="BuiltIn">
<doc>Runs the keyword and continues execution even if a failure occurs.</doc>
<arguments>
<arg>Wait Until Element Is Visible</arg>
<arg>${text_displayed}</arg>
<arg>timeout=12</arg>
</arguments>
<kw name="Wait Until Element Is Visible" library="SeleniumLibrary">
<doc>Waits until the element ``locator`` is visible.</doc>
<arguments>
<arg>${text_displayed}</arg>
<arg>timeout=12</arg>
</arguments>
<status status="PASS" starttime="20211212 15:26:22.628" endtime="20211212 15:26:22.648"></status>
</kw>
<status status="PASS" starttime="20211212 15:26:22.627" endtime="20211212 15:26:22.648"></status>
</kw>
<kw name="Get Text" library="SeleniumLibrary">
<doc>Returns the text value of the element identified by ``locator``.</doc>
<arguments>
<arg>${text_displayed}</arg>
</arguments>
<assign>
<var>${submit_text}</var>
</assign>
<msg timestamp="20211212 15:26:22.667" level="INFO">${submit_text} = Have a nice day.</msg>
<status status="PASS" starttime="20211212 15:26:22.648" endtime="20211212 15:26:22.667"></status>
</kw>
<kw name="Log" library="BuiltIn">
<doc>Logs the given message with the given level.</doc>
<arguments>
<arg>${submit_text}</arg>
</arguments>
<msg timestamp="20211212 15:26:22.667" level="INFO">Have a nice day.</msg>
<status status="PASS" starttime="20211212 15:26:22.667" endtime="20211212 15:26:22.667"></status>
</kw>
<status status="PASS" starttime="20211212 15:26:22.626" endtime="20211212 15:26:22.667"></status>
</kw>
<doc>Verify Survey monkey page and assert Have a nice day</doc>
<status status="PASS" starttime="20211212 15:26:12.957" endtime="20211212 15:26:22.668" critical="yes"></status>
</test>
<doc>A resource file with reusable keywords and variables.</doc>
<status status="PASS" starttime="20211212 15:26:12.780" endtime="20211212 15:26:22.669"></status>
</suite>
<statistics>
<total>
<stat pass="1" fail="0">Critical Tests</stat>
<stat pass="1" fail="0">All Tests</stat>
</total>
<tag>
</tag>
<suite>
<stat pass="1" fail="0" id="s1" name="Test">Test</stat>
</suite>
</statistics>
<errors>
</errors>
</robot>
